{"level":50,"time":1725462126037,"pid":26136,"hostname":"Transport17","msg":"HTTP Exception: Unauthorized"}
{"level":50,"time":1725462144921,"pid":26136,"hostname":"Transport17","msg":"HTTP Exception: Unauthorized"}
{"level":30,"time":1725462171816,"pid":26136,"hostname":"Transport17","msg":"New request received with data: {\"name\":\"Test Role 1234657\",\"permissions\":[\"1\",\"3\"]}"}
{"level":30,"time":1725462238306,"pid":23008,"hostname":"Transport17","msg":"New request received with data: {\"name\":\"Test Role 12346587\",\"permissions\":[\"1\",\"3\"]}"}
{"level":30,"time":1725462269133,"pid":24416,"hostname":"Transport17","msg":"New request received with data: {\"name\":\"Test Role 123465897\",\"permissions\":[\"1\",\"3\"]}"}
{"level":50,"time":1725469039312,"pid":22500,"hostname":"Transport17","msg":"HTTP Exception: Cannot GET /permissions"}
{"level":50,"time":1725469099588,"pid":23752,"hostname":"Transport17","msg":"HTTP Exception: Cannot GET /permissions"}
{"level":50,"time":1725469211493,"pid":24944,"hostname":"Transport17","msg":"HTTP Exception: Cannot GET /permissions"}
{"level":50,"time":1725469487037,"pid":24944,"hostname":"Transport17","msg":"HTTP Exception: Cannot GET /permissions"}
{"level":50,"time":1725471838208,"pid":11288,"hostname":"Transport17","msg":"HTTP Exception: Unauthorized"}
{"level":50,"time":1725540596666,"pid":29228,"hostname":"Transport17","msg":"HTTP Exception: User roles not found"}
{"level":50,"time":1725540696363,"pid":29228,"hostname":"Transport17","msg":"HTTP Exception: User roles not found"}
{"level":50,"time":1725541670626,"pid":30236,"hostname":"Transport17","msg":"HTTP Exception: User roles not found"}
{"level":50,"time":1725542491422,"pid":21816,"hostname":"Transport17","msg":"HTTP Exception: Insufficient permissions"}
{"level":50,"time":1725543680333,"pid":21816,"hostname":"Transport17","msg":"HTTP Exception: Insufficient permissions"}
{"level":50,"time":1725543765522,"pid":19284,"hostname":"Transport17","msg":"HTTP Exception: Insufficient permissions. You are not allowed to perform this action."}
{"level":50,"time":1725543777327,"pid":19284,"hostname":"Transport17","msg":"HTTP Exception: Insufficient permissions. You are not allowed to perform this action."}
{"level":50,"time":1725544369549,"pid":19284,"hostname":"Transport17","msg":"HTTP Exception: Insufficient permissions. You are not allowed to perform this action."}
{"level":50,"time":1725544371467,"pid":19284,"hostname":"Transport17","msg":"HTTP Exception: Insufficient permissions. You are not allowed to perform this action."}
{"level":50,"time":1725544375597,"pid":19284,"hostname":"Transport17","msg":"HTTP Exception: Insufficient permissions. You are not allowed to perform this action."}
{"level":50,"time":1725544378912,"pid":19284,"hostname":"Transport17","msg":"HTTP Exception: Insufficient permissions. You are not allowed to perform this action."}
{"level":50,"time":1725547334481,"pid":23724,"hostname":"Transport17","msg":"HTTP Exception: Insufficient permissions. You are not allowed to perform this action."}
{"level":50,"time":1725547402871,"pid":23724,"hostname":"Transport17","msg":"HTTP Exception: Insufficient permissions. You are not allowed to perform this action."}
{"level":50,"time":1725547406700,"pid":23724,"hostname":"Transport17","msg":"HTTP Exception: Insufficient permissions. You are not allowed to perform this action."}
{"level":50,"time":1725550927338,"pid":34128,"hostname":"Transport17","msg":"HTTP Exception: Unauthorized"}
{"level":50,"time":1725557761162,"pid":20680,"hostname":"Transport17","msg":"HTTP Exception: Unauthorized"}
{"level":50,"time":1725557765108,"pid":20680,"hostname":"Transport17","err":{"type":"EntityPropertyNotFoundError","message":"Property \"roles\" was not found in \"Role\". Make sure your query is correct.","stack":"EntityPropertyNotFoundError: Property \"roles\" was not found in \"Role\". Make sure your query is correct.\n    at <anonymous> (D:\\NodeApps\\chat\\app-backend-sql-db\\node_modules\\typeorm\\query-builder\\src\\query-builder\\SelectQueryBuilder.ts:3932:23)\n    at Array.forEach (<anonymous>)\n    at SelectQueryBuilder.buildRelations (D:\\NodeApps\\chat\\app-backend-sql-db\\node_modules\\typeorm\\query-builder\\src\\query-builder\\SelectQueryBuilder.ts:3924:32)\n    at SelectQueryBuilder.applyFindOptions (D:\\NodeApps\\chat\\app-backend-sql-db\\node_modules\\typeorm\\query-builder\\src\\query-builder\\SelectQueryBuilder.ts:3113:22)\n    at SelectQueryBuilder.setFindOptions (D:\\NodeApps\\chat\\app-backend-sql-db\\node_modules\\typeorm\\query-builder\\src\\query-builder\\SelectQueryBuilder.ts:105:14)\n    at EntityManager.findOne (D:\\NodeApps\\chat\\app-backend-sql-db\\node_modules\\typeorm\\entity-manager\\src\\entity-manager\\EntityManager.ts:1211:14)\n    at Repository.findOne (D:\\NodeApps\\chat\\app-backend-sql-db\\node_modules\\typeorm\\repository\\src\\repository\\Repository.ts:597:29)\n    at RolesRepository.<anonymous> (D:\\NodeApps\\chat\\app-backend-sql-db\\src\\modules\\roles\\roles.repository.ts:42:41)\n    at Generator.next (<anonymous>)\n    at D:\\NodeApps\\chat\\app-backend-sql-db\\dist\\modules\\roles\\roles.repository.js:20:71"},"msg":"An error occurred while fetching role with id 35"}
{"level":50,"time":1725558046157,"pid":4932,"hostname":"Transport17","err":{"type":"EntityPropertyNotFoundError","message":"Property \"roles\" was not found in \"Role\". Make sure your query is correct.","stack":"EntityPropertyNotFoundError: Property \"roles\" was not found in \"Role\". Make sure your query is correct.\n    at <anonymous> (D:\\NodeApps\\chat\\app-backend-sql-db\\node_modules\\typeorm\\query-builder\\src\\query-builder\\SelectQueryBuilder.ts:3932:23)\n    at Array.forEach (<anonymous>)\n    at SelectQueryBuilder.buildRelations (D:\\NodeApps\\chat\\app-backend-sql-db\\node_modules\\typeorm\\query-builder\\src\\query-builder\\SelectQueryBuilder.ts:3924:32)\n    at SelectQueryBuilder.applyFindOptions (D:\\NodeApps\\chat\\app-backend-sql-db\\node_modules\\typeorm\\query-builder\\src\\query-builder\\SelectQueryBuilder.ts:3113:22)\n    at SelectQueryBuilder.setFindOptions (D:\\NodeApps\\chat\\app-backend-sql-db\\node_modules\\typeorm\\query-builder\\src\\query-builder\\SelectQueryBuilder.ts:105:14)\n    at EntityManager.findOne (D:\\NodeApps\\chat\\app-backend-sql-db\\node_modules\\typeorm\\entity-manager\\src\\entity-manager\\EntityManager.ts:1211:14)\n    at Repository.findOne (D:\\NodeApps\\chat\\app-backend-sql-db\\node_modules\\typeorm\\repository\\src\\repository\\Repository.ts:597:29)\n    at RolesRepository.<anonymous> (D:\\NodeApps\\chat\\app-backend-sql-db\\src\\modules\\roles\\roles.repository.ts:42:41)\n    at Generator.next (<anonymous>)\n    at D:\\NodeApps\\chat\\app-backend-sql-db\\dist\\modules\\roles\\roles.repository.js:20:71"},"msg":"An error occurred while fetching role with id 35"}
{"level":50,"time":1725558120226,"pid":35424,"hostname":"Transport17","msg":"HTTP Exception: Unauthorized"}
{"level":50,"time":1725634002695,"pid":35260,"hostname":"Transport17","msg":"HTTP Exception: Unauthorized"}
{"level":50,"time":1725634024012,"pid":35260,"hostname":"Transport17","msg":"HTTP Exception: Unauthorized"}
{"level":50,"time":1725634027848,"pid":35260,"hostname":"Transport17","msg":"HTTP Exception: Unauthorized"}
{"level":50,"time":1725634801162,"pid":35260,"hostname":"Transport17","err":{"type":"NotFoundException","message":"Record not found","stack":"NotFoundException: Record not found\n    at UsersRepository.<anonymous> (D:\\NodeApps\\chat\\app-backend-sql-db\\src\\modules\\users\\users.repository.ts:30:13)\n    at Generator.next (<anonymous>)\n    at fulfilled (D:\\NodeApps\\chat\\app-backend-sql-db\\dist\\modules\\users\\users.repository.js:17:58)\n    at process.processTicksAndRejections (node:internal/process/task_queues:95:5)","response":{"type":"Object","message":"Record not found","stack":"","error":"Not Found","statusCode":404},"status":404,"options":{},"name":"NotFoundException"},"msg":"An error occurred while deleting user with id 4"}
{"level":50,"time":1725634801164,"pid":35260,"hostname":"Transport17","msg":"HTTP Exception: Record not found"}
{"level":50,"time":1725642424333,"pid":17560,"hostname":"Transport17","msg":"HTTP Exception: Unauthorized"}
{"level":50,"time":1725642427929,"pid":17560,"hostname":"Transport17","err":{"type":"NotFoundException","message":"Record not found","stack":"NotFoundException: Record not found\n    at RolesRepository.<anonymous> (D:\\NodeApps\\chat\\app-backend-sql-db\\src\\modules\\roles\\roles.repository.ts:47:13)\n    at Generator.next (<anonymous>)\n    at fulfilled (D:\\NodeApps\\chat\\app-backend-sql-db\\dist\\modules\\roles\\roles.repository.js:17:58)\n    at process.processTicksAndRejections (node:internal/process/task_queues:95:5)","response":{"type":"Object","message":"Record not found","stack":"","error":"Not Found","statusCode":404},"status":404,"options":{},"name":"NotFoundException"},"msg":"An error occurred while fetching role with id 35"}
{"level":50,"time":1725642427930,"pid":17560,"hostname":"Transport17","msg":"HTTP Exception: Record not found"}
{"level":50,"time":1725642433741,"pid":17560,"hostname":"Transport17","err":{"type":"NotFoundException","message":"Record not found","stack":"NotFoundException: Record not found\n    at RolesRepository.<anonymous> (D:\\NodeApps\\chat\\app-backend-sql-db\\src\\modules\\roles\\roles.repository.ts:47:13)\n    at Generator.next (<anonymous>)\n    at fulfilled (D:\\NodeApps\\chat\\app-backend-sql-db\\dist\\modules\\roles\\roles.repository.js:17:58)\n    at process.processTicksAndRejections (node:internal/process/task_queues:95:5)","response":{"type":"Object","message":"Record not found","stack":"","error":"Not Found","statusCode":404},"status":404,"options":{},"name":"NotFoundException"},"msg":"An error occurred while fetching role with id 34"}
{"level":50,"time":1725642433742,"pid":17560,"hostname":"Transport17","msg":"HTTP Exception: Record not found"}
{"level":50,"time":1725642437581,"pid":17560,"hostname":"Transport17","err":{"type":"NotFoundException","message":"Record not found","stack":"NotFoundException: Record not found\n    at RolesRepository.<anonymous> (D:\\NodeApps\\chat\\app-backend-sql-db\\src\\modules\\roles\\roles.repository.ts:47:13)\n    at Generator.next (<anonymous>)\n    at fulfilled (D:\\NodeApps\\chat\\app-backend-sql-db\\dist\\modules\\roles\\roles.repository.js:17:58)\n    at process.processTicksAndRejections (node:internal/process/task_queues:95:5)","response":{"type":"Object","message":"Record not found","stack":"","error":"Not Found","statusCode":404},"status":404,"options":{},"name":"NotFoundException"},"msg":"An error occurred while fetching role with id 32"}
{"level":50,"time":1725642437581,"pid":17560,"hostname":"Transport17","msg":"HTTP Exception: Record not found"}
